<?xml version="1.0" encoding="UTF-8"?>
<!-- Generated by org.testng.reporters.JUnitXMLReporter -->
<testsuite hostname="Administrators-MacBook-Pro-2.local" name="Amazon App" tests="5" failures="1" timestamp="18 Sep 2020 10:05:31 GMT" time="134.207" errors="0">
  <testcase name="@AfterClass tearDown" time="0.0" classname="com.amazon.DriverScripts.TestCaseExecutionScript">
    <failure type="java.lang.IllegalArgumentException" message="wrong number of arguments">
      <![CDATA[java.lang.IllegalArgumentException: wrong number of arguments
... Removed 24 stack frames]]>
    </failure>
  </testcase> <!-- @AfterClass tearDown -->
  <testcase name="loginIntoAmazonApp on Thread[Thread-0,5,main]" time="11.338" classname="com.amazon.DriverScripts.TestCaseExecutionScript"/>
  <testcase name="verifylogiFunctionality on Thread[Thread-0,5,main]" time="12.25" classname="com.amazon.DriverScripts.TestCaseExecutionScript"/>
  <testcase name="searchProductFromAppFunctionality on Thread[Thread-0,5,main]" time="12.145" classname="com.amazon.DriverScripts.TestCaseExecutionScript"/>
  <testcase name="selectRandomProductFromLListFunctionality on Thread[Thread-0,5,main]" time="86.474" classname="com.amazon.DriverScripts.TestCaseExecutionScript"/>
  <testcase name="verifyProductPriceAtCheckoutFunctionality on Thread[Thread-0,5,main]" time="0.732" classname="com.amazon.DriverScripts.TestCaseExecutionScript">
    <failure type="org.junit.ComparisonFailure" message="expected:&amp;lt;[]82,990&amp;gt; but was:&amp;lt;[   ]82,990&amp;gt;">
      <![CDATA[org.junit.ComparisonFailure: expected:<[]82,990> but was:<[   ]82,990>
	at org.junit.Assert.assertEquals(Assert.java:125)
	at org.junit.Assert.assertEquals(Assert.java:147)
	at com.amazon.PagesClass.VerifypriceofproductatcheckoutPage.verifyProductPriceAtCheckoutFunctionality(VerifypriceofproductatcheckoutPage.java:45)
	at com.amazon.DriverScripts.TestCaseExecutionScript.verifyProductPriceAtCheckoutFunctionality(TestCaseExecutionScript.java:104)
... Removed 24 stack frames]]>
    </failure>
  </testcase> <!-- verifyProductPriceAtCheckoutFunctionality on Thread[Thread-0,5,main] -->
</testsuite> <!-- Amazon App -->
