<?xml version="1.0" encoding="UTF-8"?>
<!-- Generated by org.testng.reporters.JUnitXMLReporter -->
<testsuite hostname="Administrators-MacBook-Pro-2.local" name="Amazon App" tests="5" failures="1" timestamp="7 Oct 2020 05:27:51 GMT" time="104.702" errors="0">
  <testcase name="@AfterClass tearDown" time="0.0" classname="com.amazon.DriverScripts.TestCaseExecutionScript">
    <failure type="java.lang.IllegalArgumentException" message="wrong number of arguments">
      <![CDATA[java.lang.IllegalArgumentException: wrong number of arguments
	at org.apache.maven.surefire.testng.TestNGExecutor.run(TestNGExecutor.java:295)
	at org.apache.maven.surefire.testng.TestNGXmlTestSuite.execute(TestNGXmlTestSuite.java:84)
	at org.apache.maven.surefire.testng.TestNGProvider.invoke(TestNGProvider.java:90)
	at org.apache.maven.surefire.booter.ForkedBooter.invokeProviderInSameClassLoader(ForkedBooter.java:203)
	at org.apache.maven.surefire.booter.ForkedBooter.runSuitesInProcess(ForkedBooter.java:155)
	at org.apache.maven.surefire.booter.ForkedBooter.main(ForkedBooter.java:103)
... Removed 21 stack frames]]>
    </failure>
  </testcase> <!-- @AfterClass tearDown -->
  <testcase name="loginIntoAmazonApp" time="12.505" classname="com.amazon.DriverScripts.TestCaseExecutionScript"/>
  <testcase name="verifylogiFunctionality" time="10.904" classname="com.amazon.DriverScripts.TestCaseExecutionScript"/>
  <testcase name="searchProductFromAppFunctionality" time="13.247" classname="com.amazon.DriverScripts.TestCaseExecutionScript"/>
  <testcase name="selectRandomProductFromLListFunctionality" time="54.472" classname="com.amazon.DriverScripts.TestCaseExecutionScript"/>
  <testcase name="verifyProductPriceAtCheckoutFunctionality" time="0.827" classname="com.amazon.DriverScripts.TestCaseExecutionScript">
    <failure type="org.junit.ComparisonFailure" message="expected:&amp;lt;[]82,990&amp;gt; but was:&amp;lt;[   ]82,990&amp;gt;">
      <![CDATA[org.junit.ComparisonFailure: expected:<[]82,990> but was:<[   ]82,990>
	at org.junit.Assert.assertEquals(Assert.java:125)
	at org.junit.Assert.assertEquals(Assert.java:147)
	at com.amazon.PagesClass.VerifypriceofproductatcheckoutPage.verifyProductPriceAtCheckoutFunctionality(VerifypriceofproductatcheckoutPage.java:47)
	at com.amazon.DriverScripts.TestCaseExecutionScript.verifyProductPriceAtCheckoutFunctionality(TestCaseExecutionScript.java:96)
	at org.apache.maven.surefire.testng.TestNGExecutor.run(TestNGExecutor.java:295)
	at org.apache.maven.surefire.testng.TestNGXmlTestSuite.execute(TestNGXmlTestSuite.java:84)
	at org.apache.maven.surefire.testng.TestNGProvider.invoke(TestNGProvider.java:90)
	at org.apache.maven.surefire.booter.ForkedBooter.invokeProviderInSameClassLoader(ForkedBooter.java:203)
	at org.apache.maven.surefire.booter.ForkedBooter.runSuitesInProcess(ForkedBooter.java:155)
	at org.apache.maven.surefire.booter.ForkedBooter.main(ForkedBooter.java:103)
... Removed 21 stack frames]]>
    </failure>
  </testcase> <!-- verifyProductPriceAtCheckoutFunctionality -->
</testsuite> <!-- Amazon App -->
